<?xml version="1.0" encoding="UTF-8"?>
<testsuite name="loop.ForLoop" tests="9" skipped="0" failures="0" errors="0" timestamp="2021-09-22T12:02:07" hostname="gimgyutaeui-MacBookPro.local" time="5.373">
  <properties/>
  <testcase name="배열의 일반 for-loop를 확인한다." classname="loop.ForLoop" time="0.025"/>
  <testcase name="linkedList의 일반 for-each-lambda-loop를 확인한다." classname="loop.ForLoop" time="0.008"/>
  <testcase name="linkedList의 일반 for-enhance-loop를 확인한다." classname="loop.ForLoop" time="0.005"/>
  <testcase name="arrayList의 일반 for-enhance-loop를 확인한다." classname="loop.ForLoop" time="0.037"/>
  <testcase name="linkedList의 일반 for-loop를 확인한다." classname="loop.ForLoop" time="5.142"/>
  <testcase name="배열의 일반 for-each-lambda-loop를 확인한다." classname="loop.ForLoop" time="0.037"/>
  <testcase name="배열의 일반 for-enhance-loop를 확인한다." classname="loop.ForLoop" time="0.006"/>
  <testcase name="arrayList의 일반 for-each-lambda-loop를 확인한다." classname="loop.ForLoop" time="0.063"/>
  <testcase name="arrayList의 일반 for-loop를 확인한다." classname="loop.ForLoop" time="0.043"/>
  <system-out><![CDATA[시간차이(m) : 6
시간차이(m) : 7
시간차이(m) : 5
시간차이(m) : 36
시간차이(m) : 5140
시간차이(m) : 36
시간차이(m) : 5
시간차이(m) : 62
시간차이(m) : 43
]]></system-out>
  <system-err><![CDATA[]]></system-err>
</testsuite>
