<?xml version="1.0" encoding="UTF-8"?>
<testsuite name="loop.ForLoop" tests="9" skipped="0" failures="0" errors="0" timestamp="2021-09-18T12:28:27" hostname="gimgyutaeui-MacBookPro.local" time="7.922">
  <properties/>
  <testcase name="배열의 일반 for-loop를 확인한다." classname="loop.ForLoop" time="0.027"/>
  <testcase name="linkedList의 일반 for-each-lambda-loop를 확인한다." classname="loop.ForLoop" time="0.008"/>
  <testcase name="linkedList의 일반 for-enhance-loop를 확인한다." classname="loop.ForLoop" time="0.005"/>
  <testcase name="arrayList의 일반 for-enhance-loop를 확인한다." classname="loop.ForLoop" time="0.037"/>
  <testcase name="linkedList의 일반 for-loop를 확인한다." classname="loop.ForLoop" time="7.637"/>
  <testcase name="배열의 일반 for-each-lambda-loop를 확인한다." classname="loop.ForLoop" time="0.022"/>
  <testcase name="배열의 일반 for-enhance-loop를 확인한다." classname="loop.ForLoop" time="0.005"/>
  <testcase name="arrayList의 일반 for-each-lambda-loop를 확인한다." classname="loop.ForLoop" time="0.055"/>
  <testcase name="arrayList의 일반 for-loop를 확인한다." classname="loop.ForLoop" time="0.122"/>
  <system-out><![CDATA[시간차이(m) : 6
시간차이(m) : 7
시간차이(m) : 5
시간차이(m) : 35
시간차이(m) : 7634
시간차이(m) : 21
시간차이(m) : 4
시간차이(m) : 54
시간차이(m) : 121
]]></system-out>
  <system-err><![CDATA[]]></system-err>
</testsuite>
