<?xml version="1.0" encoding="UTF-8"?>
<testsuite name="custom_sorting.BubbleSortTest" tests="3" skipped="0" failures="0" errors="0" timestamp="2021-10-18T14:30:55" hostname="gimgyutaeui-MacBookPro.local" time="8.195">
  <properties/>
  <testcase name="버블 정렬" classname="custom_sorting.BubbleSortTest" time="5.83"/>
  <testcase name="삽입 정렬" classname="custom_sorting.BubbleSortTest" time="0.378"/>
  <testcase name="선택 정렬" classname="custom_sorting.BubbleSortTest" time="1.985"/>
  <system-out><![CDATA[]]></system-out>
  <system-err><![CDATA[]]></system-err>
</testsuite>
