<?xml version="1.0" encoding="UTF-8"?>
<testsuite name="effective.chapter7.item44.CashMapTest" tests="1" skipped="0" failures="0" errors="0" timestamp="2021-10-27T02:24:01" hostname="gimgyutaeui-MacBookPro.local" time="0.013">
  <properties/>
  <testcase name="1~107을 저장하면 크기는100, 1~7삭제, 8부터 시작" classname="effective.chapter7.item44.CashMapTest" time="0.013"/>
  <system-out><![CDATA[]]></system-out>
  <system-err><![CDATA[]]></system-err>
</testsuite>
