<?xml version="1.0" encoding="UTF-8"?>
<testsuite name="effective.chapter7.item48.ParallelPrimeCountingTest" tests="2" skipped="0" failures="0" errors="0" timestamp="2021-11-08T19:47:03" hostname="gimgyutaeui-MacBookPro.local" time="23.882">
  <properties/>
  <testcase name="parallelStream()" classname="effective.chapter7.item48.ParallelPrimeCountingTest" time="3.777"/>
  <testcase name="stream()" classname="effective.chapter7.item48.ParallelPrimeCountingTest" time="20.105"/>
  <system-out><![CDATA[count = 664579
count = 664579
]]></system-out>
  <system-err><![CDATA[]]></system-err>
</testsuite>
