<?xml version="1.0" encoding="UTF-8"?>
<testsuite name="effective.chapter4.item24.OuterCallerTest" tests="1" skipped="0" failures="0" errors="0" timestamp="2021-10-31T09:37:53" hostname="gimgyutaeui-MacBookPro.local" time="0.011">
  <properties/>
  <testcase name="Nested 클래스 테스트" classname="effective.chapter4.item24.OuterCallerTest" time="0.011"/>
  <system-out><![CDATA[3
3
run!
run static!
symbol
]]></system-out>
  <system-err><![CDATA[]]></system-err>
</testsuite>
