<?xml version="1.0" encoding="UTF-8"?>
<testsuite name="effective.chapter2.item6.Item6Test" tests="3" skipped="0" failures="0" errors="0" timestamp="2021-09-18T11:30:31" hostname="gimgyutaeui-MacBookPro.local" time="6.272">
  <properties/>
  <testcase name="리터럴과 새로운 인스턴스" classname="effective.chapter2.item6.Item6Test" time="0.016"/>
  <testcase name="map의 keyset은 매번 같은 객체를 반환한다." classname="effective.chapter2.item6.Item6Test" time="0.001"/>
  <testcase name="오토박싱이 성능을 저하한다." classname="effective.chapter2.item6.Item6Test" time="6.253"/>
  <system-out><![CDATA[5606
643
]]></system-out>
  <system-err><![CDATA[]]></system-err>
</testsuite>
